-- The C compiler identification is GNU 13.3.0
-- The CXX compiler identification is GNU 13.3.0
-- Detecting C compiler ABI info
-- Detecting C compiler ABI info - done
-- Check for working C compiler: /usr/bin/cc - skipped
-- Detecting C compile features
-- Detecting C compile features - done
-- Detecting CXX compiler ABI info
-- Detecting CXX compiler ABI info - done
-- Check for working CXX compiler: /usr/bin/c++ - skipped
-- Detecting CXX compile features
-- Detecting CXX compile features - done
-- Found ament_cmake: 2.5.6 (/opt/ros/jazzy/share/ament_cmake/cmake)
-- Found Python3: /usr/bin/python3 (found version "3.12.3") found components: Interpreter 
-- Override CMake install command with custom implementation using symlinks instead of copying resources
-- Configuring done (0.5s)
-- Generating done (0.0s)
-- Build files have been written to: /home/admin123/ROS_Project/build/mrm_description
-- Install configuration: ""
-- Execute custom install script
-- Symlinking: /home/admin123/ROS_Project/install/mrm_description/share/mrm_description/launch/config.rviz
-- Symlinking: /home/admin123/ROS_Project/install/mrm_description/share/mrm_description/launch/display.launch.py
-- Symlinking: /home/admin123/ROS_Project/install/mrm_description/share/mrm_description/launch/rviz.launch
-- Symlinking: /home/admin123/ROS_Project/install/mrm_description/share/mrm_description/urdf/mrm.xacro
-- Symlinking: /home/admin123/ROS_Project/install/mrm_description/share/ament_index/resource_index/package_run_dependencies/mrm_description
-- Symlinking: /home/admin123/ROS_Project/install/mrm_description/share/ament_index/resource_index/parent_prefix_path/mrm_description
-- Symlinking: /home/admin123/ROS_Project/install/mrm_description/share/mrm_description/environment/ament_prefix_path.sh
-- Symlinking: /home/admin123/ROS_Project/install/mrm_description/share/mrm_description/environment/ament_prefix_path.dsv
-- Symlinking: /home/admin123/ROS_Project/install/mrm_description/share/mrm_description/environment/path.sh
-- Symlinking: /home/admin123/ROS_Project/install/mrm_description/share/mrm_description/environment/path.dsv
-- Symlinking: /home/admin123/ROS_Project/install/mrm_description/share/mrm_description/local_setup.bash
-- Symlinking: /home/admin123/ROS_Project/install/mrm_description/share/mrm_description/local_setup.sh
-- Symlinking: /home/admin123/ROS_Project/install/mrm_description/share/mrm_description/local_setup.zsh
-- Symlinking: /home/admin123/ROS_Project/install/mrm_description/share/mrm_description/local_setup.dsv
-- Symlinking: /home/admin123/ROS_Project/install/mrm_description/share/mrm_description/package.dsv
-- Symlinking: /home/admin123/ROS_Project/install/mrm_description/share/ament_index/resource_index/packages/mrm_description
-- Symlinking: /home/admin123/ROS_Project/install/mrm_description/share/mrm_description/cmake/mrm_descriptionConfig.cmake
-- Symlinking: /home/admin123/ROS_Project/install/mrm_description/share/mrm_description/cmake/mrm_descriptionConfig-version.cmake
-- Symlinking: /home/admin123/ROS_Project/install/mrm_description/share/mrm_description/package.xml
