[0.008s] Invoking command in '/home/admin123/ROS_Project/build/mrm_description': CMAKE_PREFIX_PATH=${CMAKE_PREFIX_PATH}:/opt/ros/jazzy DEBUGINFOD_URLS=https://debuginfod.ubuntu.com /usr/bin/cmake /home/admin123/ROS_Project/src/mrm_description -DAMENT_CMAKE_SYMLINK_INSTALL=1 -DCMAKE_INSTALL_PREFIX=/home/admin123/ROS_Project/install/mrm_description
[0.072s] -- The C compiler identification is GNU 13.3.0
[0.114s] -- The CXX compiler identification is GNU 13.3.0
[0.126s] -- Detecting C compiler ABI info
[0.186s] -- Detecting C compiler ABI info - done
[0.193s] -- Check for working C compiler: /usr/bin/cc - skipped
[0.193s] -- Detecting C compile features
[0.194s] -- Detecting C compile features - done
[0.201s] -- Detecting CXX compiler ABI info
[0.276s] -- Detecting CXX compiler ABI info - done
[0.283s] -- Check for working CXX compiler: /usr/bin/c++ - skipped
[0.283s] -- Detecting CXX compile features
[0.283s] -- Detecting CXX compile features - done
[0.285s] -- Found ament_cmake: 2.5.6 (/opt/ros/jazzy/share/ament_cmake/cmake)
[0.391s] -- Found Python3: /usr/bin/python3 (found version "3.12.3") found components: Interpreter 
[0.449s] -- Override CMake install command with custom implementation using symlinks instead of copying resources
[0.533s] -- Configuring done (0.5s)
[0.535s] -- Generating done (0.0s)
[0.536s] -- Build files have been written to: /home/admin123/ROS_Project/build/mrm_description
[0.539s] Invoked command in '/home/admin123/ROS_Project/build/mrm_description' returned '0': CMAKE_PREFIX_PATH=${CMAKE_PREFIX_PATH}:/opt/ros/jazzy DEBUGINFOD_URLS=https://debuginfod.ubuntu.com /usr/bin/cmake /home/admin123/ROS_Project/src/mrm_description -DAMENT_CMAKE_SYMLINK_INSTALL=1 -DCMAKE_INSTALL_PREFIX=/home/admin123/ROS_Project/install/mrm_description
[0.540s] Invoking command in '/home/admin123/ROS_Project/build/mrm_description': CMAKE_PREFIX_PATH=${CMAKE_PREFIX_PATH}:/opt/ros/jazzy DEBUGINFOD_URLS=https://debuginfod.ubuntu.com /usr/bin/cmake --build /home/admin123/ROS_Project/build/mrm_description -- -j12 -l12
[0.566s] Invoked command in '/home/admin123/ROS_Project/build/mrm_description' returned '0': CMAKE_PREFIX_PATH=${CMAKE_PREFIX_PATH}:/opt/ros/jazzy DEBUGINFOD_URLS=https://debuginfod.ubuntu.com /usr/bin/cmake --build /home/admin123/ROS_Project/build/mrm_description -- -j12 -l12
[0.572s] Invoking command in '/home/admin123/ROS_Project/build/mrm_description': CMAKE_PREFIX_PATH=${CMAKE_PREFIX_PATH}:/opt/ros/jazzy DEBUGINFOD_URLS=https://debuginfod.ubuntu.com /usr/bin/cmake --install /home/admin123/ROS_Project/build/mrm_description
[0.577s] -- Install configuration: ""
[0.577s] -- Execute custom install script
[0.578s] -- Symlinking: /home/admin123/ROS_Project/install/mrm_description/share/mrm_description/launch/config.rviz
[0.583s] -- Symlinking: /home/admin123/ROS_Project/install/mrm_description/share/mrm_description/launch/display.launch.py
[0.589s] -- Symlinking: /home/admin123/ROS_Project/install/mrm_description/share/mrm_description/launch/rviz.launch
[0.595s] -- Symlinking: /home/admin123/ROS_Project/install/mrm_description/share/mrm_description/urdf/mrm.xacro
[0.601s] -- Symlinking: /home/admin123/ROS_Project/install/mrm_description/share/ament_index/resource_index/package_run_dependencies/mrm_description
[0.607s] -- Symlinking: /home/admin123/ROS_Project/install/mrm_description/share/ament_index/resource_index/parent_prefix_path/mrm_description
[0.613s] -- Symlinking: /home/admin123/ROS_Project/install/mrm_description/share/mrm_description/environment/ament_prefix_path.sh
[0.619s] -- Symlinking: /home/admin123/ROS_Project/install/mrm_description/share/mrm_description/environment/ament_prefix_path.dsv
[0.625s] -- Symlinking: /home/admin123/ROS_Project/install/mrm_description/share/mrm_description/environment/path.sh
[0.631s] -- Symlinking: /home/admin123/ROS_Project/install/mrm_description/share/mrm_description/environment/path.dsv
[0.636s] -- Symlinking: /home/admin123/ROS_Project/install/mrm_description/share/mrm_description/local_setup.bash
[0.641s] -- Symlinking: /home/admin123/ROS_Project/install/mrm_description/share/mrm_description/local_setup.sh
[0.647s] -- Symlinking: /home/admin123/ROS_Project/install/mrm_description/share/mrm_description/local_setup.zsh
[0.653s] -- Symlinking: /home/admin123/ROS_Project/install/mrm_description/share/mrm_description/local_setup.dsv
[0.659s] -- Symlinking: /home/admin123/ROS_Project/install/mrm_description/share/mrm_description/package.dsv
[0.665s] -- Symlinking: /home/admin123/ROS_Project/install/mrm_description/share/ament_index/resource_index/packages/mrm_description
[0.671s] -- Symlinking: /home/admin123/ROS_Project/install/mrm_description/share/mrm_description/cmake/mrm_descriptionConfig.cmake
[0.678s] -- Symlinking: /home/admin123/ROS_Project/install/mrm_description/share/mrm_description/cmake/mrm_descriptionConfig-version.cmake
[0.683s] -- Symlinking: /home/admin123/ROS_Project/install/mrm_description/share/mrm_description/package.xml
[0.691s] Invoked command in '/home/admin123/ROS_Project/build/mrm_description' returned '0': CMAKE_PREFIX_PATH=${CMAKE_PREFIX_PATH}:/opt/ros/jazzy DEBUGINFOD_URLS=https://debuginfod.ubuntu.com /usr/bin/cmake --install /home/admin123/ROS_Project/build/mrm_description
